<?xml version="1.0" encoding="UTF-8"?>
<!-- Generated by org.testng.reporters.JUnitXMLReporter -->
<testsuite ignored="0" hostname="SVPKHOME" failures="1" tests="1" name="Verify Order(failed)" time="21.427" errors="0" timestamp="2022-11-14T02:54:15 IST">
  <testcase classname="com.bpp.testCases.VerifyOrder" name="navigateProductAndVerifyOrder" time="19.881">
    <failure type="org.openqa.selenium.ElementClickInterceptedException" message="element click intercepted: Element &amp;lt;u&amp;gt;...&amp;lt;/u&amp;gt; is not clickable at point (1270, 690). Other element would receive the click: &amp;lt;iframe allowtransparency=&amp;quot;true&amp;quot; id=&amp;quot;chat-widget-minimized&amp;quot; name=&amp;quot;chat-widget-minimized&amp;quot; title=&amp;quot;LiveChat chat widget&amp;quot; scrolling=&amp;quot;no&amp;quot; style=&amp;quot;width: 100%; height: 100%; min-height: 0px; min-width: 0px; margin: 0px; padding: 0px; background-image: none; background-position: 0% 0%; background-size: initial; background-attachment: scroll; background-origin: initial; background-clip: initial; background-color: rgba(0, 0, 0, 0); border-width: 0px; float: none; display: block;&amp;quot;&amp;gt;&amp;lt;/iframe&amp;gt;
  (Session info: chrome=107.0.5304.107)
Build info: version: &amp;apos;4.5.3&amp;apos;, revision: &amp;apos;4b786a1e430&amp;apos;
System info: os.name: &amp;apos;Windows 11&amp;apos;, os.arch: &amp;apos;amd64&amp;apos;, os.version: &amp;apos;10.0&amp;apos;, java.version: &amp;apos;19&amp;apos;
Driver info: org.openqa.selenium.chrome.ChromeDriver
Command: [56909f5a5fab8513dd9f0a83fcf66410, clickElement {id=39a885f8-a89c-4cff-9eef-fb7f4c96025e}]
Capabilities {acceptInsecureCerts: false, browserName: chrome, browserVersion: 107.0.5304.107, chrome: {chromedriverVersion: 107.0.5304.62 (1eec40d3a576..., userDataDir: C:\Users\pkkumar\AppData\Lo...}, goog:chromeOptions: {debuggerAddress: localhost:55398}, networkConnectionEnabled: false, pageLoadStrategy: normal, platformName: WINDOWS, proxy: Proxy(), se:cdp: ws://localhost:55398/devtoo..., se:cdpVersion: 107.0.5304.107, setWindowRect: true, strictFileInteractability: false, timeouts: {implicit: 0, pageLoad: 300000, script: 30000}, unhandledPromptBehavior: dismiss and notify, webauthn:extension:credBlob: true, webauthn:extension:largeBlob: true, webauthn:virtualAuthenticators: true}
Element: [[ChromeDriver: chrome on WINDOWS (56909f5a5fab8513dd9f0a83fcf66410)] -&amp;gt; xpath: //u[text()=&amp;apos;save order and pay later&amp;apos;]]
Session ID: 56909f5a5fab8513dd9f0a83fcf66410">
      <![CDATA[org.openqa.selenium.ElementClickInterceptedException: element click intercepted: Element <u>...</u> is not clickable at point (1270, 690). Other element would receive the click: <iframe allowtransparency="true" id="chat-widget-minimized" name="chat-widget-minimized" title="LiveChat chat widget" scrolling="no" style="width: 100%; height: 100%; min-height: 0px; min-width: 0px; margin: 0px; padding: 0px; background-image: none; background-position: 0% 0%; background-size: initial; background-attachment: scroll; background-origin: initial; background-clip: initial; background-color: rgba(0, 0, 0, 0); border-width: 0px; float: none; display: block;"></iframe>
  (Session info: chrome=107.0.5304.107)
Build info: version: '4.5.3', revision: '4b786a1e430'
System info: os.name: 'Windows 11', os.arch: 'amd64', os.version: '10.0', java.version: '19'
Driver info: org.openqa.selenium.chrome.ChromeDriver
Command: [56909f5a5fab8513dd9f0a83fcf66410, clickElement {id=39a885f8-a89c-4cff-9eef-fb7f4c96025e}]
Capabilities {acceptInsecureCerts: false, browserName: chrome, browserVersion: 107.0.5304.107, chrome: {chromedriverVersion: 107.0.5304.62 (1eec40d3a576..., userDataDir: C:\Users\pkkumar\AppData\Lo...}, goog:chromeOptions: {debuggerAddress: localhost:55398}, networkConnectionEnabled: false, pageLoadStrategy: normal, platformName: WINDOWS, proxy: Proxy(), se:cdp: ws://localhost:55398/devtoo..., se:cdpVersion: 107.0.5304.107, setWindowRect: true, strictFileInteractability: false, timeouts: {implicit: 0, pageLoad: 300000, script: 30000}, unhandledPromptBehavior: dismiss and notify, webauthn:extension:credBlob: true, webauthn:extension:largeBlob: true, webauthn:virtualAuthenticators: true}
Element: [[ChromeDriver: chrome on WINDOWS (56909f5a5fab8513dd9f0a83fcf66410)] -> xpath: //u[text()='save order and pay later']]
Session ID: 56909f5a5fab8513dd9f0a83fcf66410
at org.openqa.selenium.remote.codec.w3c.W3CHttpResponseCodec.createException(W3CHttpResponseCodec.java:200)
at org.openqa.selenium.remote.codec.w3c.W3CHttpResponseCodec.decode(W3CHttpResponseCodec.java:133)
at org.openqa.selenium.remote.codec.w3c.W3CHttpResponseCodec.decode(W3CHttpResponseCodec.java:53)
at org.openqa.selenium.remote.HttpCommandExecutor.execute(HttpCommandExecutor.java:184)
at org.openqa.selenium.remote.service.DriverCommandExecutor.invokeExecute(DriverCommandExecutor.java:167)
at org.openqa.selenium.remote.service.DriverCommandExecutor.execute(DriverCommandExecutor.java:142)
at org.openqa.selenium.remote.RemoteWebDriver.execute(RemoteWebDriver.java:541)
at org.openqa.selenium.remote.RemoteWebElement.execute(RemoteWebElement.java:257)
at org.openqa.selenium.remote.RemoteWebElement.click(RemoteWebElement.java:78)
at org.openqa.selenium.support.pagefactory.internal.LocatingElementHandler.invoke(LocatingElementHandler.java:52)
at jdk.proxy2/jdk.proxy2.$Proxy19.click(Unknown Source)
at com.bpp.testCases.VerifyOrder.navigateProductAndVerifyOrder(VerifyOrder.java:73)
at java.base/java.util.ArrayList.forEach(ArrayList.java:1511)
... Removed 30 stack frames]]>
    </failure>
  </testcase> <!-- navigateProductAndVerifyOrder -->
</testsuite> <!-- Verify Order(failed) -->
