<?xml version="1.0" encoding="UTF-8"?>
<testng-results ignored="3" total="10" passed="5" failed="2" skipped="0">
  <reporter-output>
  </reporter-output>
  <suite started-at="2022-12-30T03:41:59 IST" name="Basic Functions Test" finished-at="2022-12-30T03:42:57 IST" duration-ms="58294">
    <groups>
    </groups>
    <test started-at="2022-12-30T03:41:59 IST" name="Verify Login" finished-at="2022-12-30T03:42:14 IST" duration-ms="14959">
      <class name="com.bpp.testCases.VerifyLogin">
        <test-method is-config="true" signature="openURL(java.lang.String)[pri:0, instance:com.bpp.testCases.VerifyLogin@7193666c]" started-at="2022-12-30T03:41:59 IST" name="openURL" finished-at="2022-12-30T03:42:04 IST" duration-ms="5281" status="PASS">
          <params>
            <param index="0">
              <value>
                <![CDATA[https://www.budgetpetproducts.com.au/]]>
              </value>
            </param>
          </params>
          <reporter-output>
          </reporter-output>
        </test-method> <!-- openURL -->
        <test-method signature="verifyLogin(java.lang.String,java.lang.String)[pri:0, instance:com.bpp.testCases.VerifyLogin@7193666c]" started-at="2022-12-30T03:42:05 IST" name="verifyLogin" data-provider="credentials" finished-at="2022-12-30T03:42:06 IST" duration-ms="1220" status="FAIL">
          <params>
            <param index="0">
              <value>
                <![CDATA[mrmeeseekz@null.net]]>
              </value>
            </param>
            <param index="1">
              <value>
                <![CDATA[myTest@Pass14]]>
              </value>
            </param>
          </params>
          <exception class="java.lang.AssertionError">
            <message>
              <![CDATA[The following asserts failed:
Login error alert message mismatch expected [These credentials do not match our records.] but found [The username field is required.]]]>
            </message>
            <full-stacktrace>
              <![CDATA[java.lang.AssertionError: The following asserts failed:
Login error alert message mismatch expected [These credentials do not match our records.] but found [The username field is required.]
at org.testng.asserts.SoftAssert.assertAll(SoftAssert.java:46)
at org.testng.asserts.SoftAssert.assertAll(SoftAssert.java:30)
at com.bpp.testCases.VerifyLogin.verifyLogin(VerifyLogin.java:123)
at java.base/jdk.internal.reflect.DirectMethodHandleAccessor.invoke(DirectMethodHandleAccessor.java:104)
at java.base/java.lang.reflect.Method.invoke(Method.java:578)
at org.testng.internal.invokers.MethodInvocationHelper.invokeMethod(MethodInvocationHelper.java:139)
at org.testng.internal.invokers.TestInvoker.invokeMethod(TestInvoker.java:677)
at org.testng.internal.invokers.TestInvoker.invokeTestMethod(TestInvoker.java:221)
at org.testng.internal.invokers.MethodRunner.runInSequence(MethodRunner.java:50)
at org.testng.internal.invokers.TestInvoker$MethodInvocationAgent.invoke(TestInvoker.java:962)
at org.testng.internal.invokers.TestInvoker.invokeTestMethods(TestInvoker.java:194)
at org.testng.internal.invokers.TestMethodWorker.invokeTestMethods(TestMethodWorker.java:148)
at org.testng.internal.invokers.TestMethodWorker.run(TestMethodWorker.java:128)
at java.base/java.util.ArrayList.forEach(ArrayList.java:1511)
at org.testng.TestRunner.privateRun(TestRunner.java:806)
at org.testng.TestRunner.run(TestRunner.java:601)
at org.testng.SuiteRunner.runTest(SuiteRunner.java:433)
at org.testng.SuiteRunner.runSequentially(SuiteRunner.java:427)
at org.testng.SuiteRunner.privateRun(SuiteRunner.java:387)
at org.testng.SuiteRunner.run(SuiteRunner.java:330)
at org.testng.SuiteRunnerWorker.runSuite(SuiteRunnerWorker.java:52)
at org.testng.SuiteRunnerWorker.run(SuiteRunnerWorker.java:95)
at org.testng.TestNG.runSuitesSequentially(TestNG.java:1256)
at org.testng.TestNG.runSuitesLocally(TestNG.java:1176)
at org.testng.TestNG.runSuites(TestNG.java:1099)
at org.testng.TestNG.run(TestNG.java:1067)
at org.apache.maven.surefire.testng.TestNGExecutor.run(TestNGExecutor.java:283)
at org.apache.maven.surefire.testng.TestNGXmlTestSuite.execute(TestNGXmlTestSuite.java:75)
at org.apache.maven.surefire.testng.TestNGProvider.invoke(TestNGProvider.java:120)
at org.apache.maven.surefire.booter.ForkedBooter.invokeProviderInSameClassLoader(ForkedBooter.java:384)
at org.apache.maven.surefire.booter.ForkedBooter.runSuitesInProcess(ForkedBooter.java:345)
at org.apache.maven.surefire.booter.ForkedBooter.execute(ForkedBooter.java:126)
at org.apache.maven.surefire.booter.ForkedBooter.main(ForkedBooter.java:418)
]]>
            </full-stacktrace>
          </exception> <!-- java.lang.AssertionError -->
          <reporter-output>
          </reporter-output>
        </test-method> <!-- verifyLogin -->
        <test-method signature="verifyLogin(java.lang.String,java.lang.String)[pri:0, instance:com.bpp.testCases.VerifyLogin@7193666c]" started-at="2022-12-30T03:42:06 IST" name="verifyLogin" data-provider="credentials" finished-at="2022-12-30T03:42:09 IST" duration-ms="2739" status="PASS">
          <params>
            <param index="0">
              <value>
                <![CDATA[mrmeeseekz@null.net]]>
              </value>
            </param>
            <param index="1">
              <value>
                <![CDATA[IvalidPassword]]>
              </value>
            </param>
          </params>
          <reporter-output>
          </reporter-output>
        </test-method> <!-- verifyLogin -->
        <test-method signature="verifyLogin(java.lang.String,java.lang.String)[pri:0, instance:com.bpp.testCases.VerifyLogin@7193666c]" started-at="2022-12-30T03:42:09 IST" name="verifyLogin" data-provider="credentials" finished-at="2022-12-30T03:42:11 IST" duration-ms="2100" status="PASS">
          <params>
            <param index="0">
              <value>
                <![CDATA[invalid@email.com]]>
              </value>
            </param>
            <param index="1">
              <value>
                <![CDATA[myTest@Pass14]]>
              </value>
            </param>
          </params>
          <reporter-output>
          </reporter-output>
        </test-method> <!-- verifyLogin -->
        <test-method signature="verifyLogin(java.lang.String,java.lang.String)[pri:0, instance:com.bpp.testCases.VerifyLogin@7193666c]" started-at="2022-12-30T03:42:11 IST" name="verifyLogin" data-provider="credentials" finished-at="2022-12-30T03:42:14 IST" duration-ms="2781" status="PASS">
          <params>
            <param index="0">
              <value>
                <![CDATA[invalid@email.com]]>
              </value>
            </param>
            <param index="1">
              <value>
                <![CDATA[IvalidPassword]]>
              </value>
            </param>
          </params>
          <reporter-output>
          </reporter-output>
        </test-method> <!-- verifyLogin -->
      </class> <!-- com.bpp.testCases.VerifyLogin -->
    </test> <!-- Verify Login -->
    <test started-at="2022-12-30T03:42:14 IST" name="Verify Order" finished-at="2022-12-30T03:42:44 IST" duration-ms="30279">
      <class name="com.bpp.testCases.VerifyOrder">
        <test-method is-config="true" signature="openURL(java.lang.String)[pri:0, instance:com.bpp.testCases.VerifyOrder@6356695f]" started-at="2022-12-30T03:42:14 IST" name="openURL" finished-at="2022-12-30T03:42:15 IST" duration-ms="1669" status="PASS">
          <params>
            <param index="0">
              <value>
                <![CDATA[https://www.budgetpetproducts.com.au/]]>
              </value>
            </param>
          </params>
          <reporter-output>
          </reporter-output>
        </test-method> <!-- openURL -->
        <test-method signature="navigateProductAndVerifyOrder(java.lang.String,java.lang.String,java.lang.String)[pri:0, instance:com.bpp.testCases.VerifyOrder@6356695f]" started-at="2022-12-30T03:42:15 IST" name="navigateProductAndVerifyOrder" finished-at="2022-12-30T03:42:44 IST" duration-ms="28606" status="PASS">
          <params>
            <param index="0">
              <value>
                <![CDATA[Vetafarm South American Mix]]>
              </value>
            </param>
            <param index="1">
              <value>
                <![CDATA[mrmeeseekz@null.net]]>
              </value>
            </param>
            <param index="2">
              <value>
                <![CDATA[myTest@Pass14]]>
              </value>
            </param>
          </params>
          <reporter-output>
          </reporter-output>
        </test-method> <!-- navigateProductAndVerifyOrder -->
      </class> <!-- com.bpp.testCases.VerifyOrder -->
    </test> <!-- Verify Order -->
    <test started-at="2022-12-30T03:42:44 IST" name="Search and Verify Suggestion" finished-at="2022-12-30T03:42:46 IST" duration-ms="2192">
      <class name="com.bpp.testCases.SearchProducts">
        <test-method is-config="true" signature="openURL(java.lang.String)[pri:0, instance:com.bpp.testCases.SearchProducts@6b927fb]" started-at="2022-12-30T03:42:44 IST" name="openURL" finished-at="2022-12-30T03:42:45 IST" duration-ms="690" status="PASS">
          <params>
            <param index="0">
              <value>
                <![CDATA[https://www.budgetpetproducts.com.au/]]>
              </value>
            </param>
          </params>
          <reporter-output>
          </reporter-output>
        </test-method> <!-- openURL -->
        <test-method signature="verifySearchSuggestion(java.lang.String)[pri:0, instance:com.bpp.testCases.SearchProducts@6b927fb]" started-at="2022-12-30T03:42:45 IST" name="verifySearchSuggestion" finished-at="2022-12-30T03:42:46 IST" duration-ms="1500" status="PASS">
          <params>
            <param index="0">
              <value>
                <![CDATA[cat]]>
              </value>
            </param>
          </params>
          <reporter-output>
          </reporter-output>
        </test-method> <!-- verifySearchSuggestion -->
      </class> <!-- com.bpp.testCases.SearchProducts -->
    </test> <!-- Search and Verify Suggestion -->
    <test started-at="2022-12-30T03:42:46 IST" name="Search and Select from Suggestion" finished-at="2022-12-30T03:42:57 IST" duration-ms="10817">
      <class name="com.bpp.testCases.SearchProducts">
        <test-method is-config="true" signature="getDriver(java.lang.String)[pri:0, instance:com.bpp.testCases.SearchProducts@67d48005]" started-at="2022-12-30T03:41:57 IST" name="getDriver" finished-at="2022-12-30T03:41:59 IST" duration-ms="1822" status="PASS">
          <params>
            <param index="0">
              <value>
                <![CDATA[Chrome]]>
              </value>
            </param>
          </params>
          <reporter-output>
          </reporter-output>
        </test-method> <!-- getDriver -->
        <test-method is-config="true" signature="openURL(java.lang.String)[pri:0, instance:com.bpp.testCases.SearchProducts@67d48005]" started-at="2022-12-30T03:42:46 IST" name="openURL" finished-at="2022-12-30T03:42:47 IST" duration-ms="722" status="PASS">
          <params>
            <param index="0">
              <value>
                <![CDATA[https://www.budgetpetproducts.com.au/]]>
              </value>
            </param>
          </params>
          <reporter-output>
          </reporter-output>
        </test-method> <!-- openURL -->
        <test-method signature="searchAndSelectProdFromSuggesstion(java.lang.String,java.lang.String,java.lang.String)[pri:0, instance:com.bpp.testCases.SearchProducts@67d48005]" started-at="2022-12-30T03:42:47 IST" name="searchAndSelectProdFromSuggesstion" finished-at="2022-12-30T03:42:57 IST" duration-ms="10091" status="FAIL">
          <params>
            <param index="0">
              <value>
                <![CDATA[dog]]>
              </value>
            </param>
            <param index="1">
              <value>
                <![CDATA[dog toys]]>
              </value>
            </param>
            <param index="2">
              <value>
                <![CDATA[Shakers Luvs Giraffe]]>
              </value>
            </param>
          </params>
          <exception class="org.openqa.selenium.TimeoutException">
            <message>
              <![CDATA[Expected condition failed: waiting for visibility of [[ChromeDriver: chrome on WINDOWS (63de3e8ad0cb299e1c4509bdb2da466d)] -> xpath: (//div[@class='card'])[2]/div] (tried for 5 second(s) with 500 milliseconds interval)
Build info: version: '4.5.3', revision: '4b786a1e430'
System info: os.name: 'Windows 11', os.arch: 'amd64', os.version: '10.0', java.version: '19'
Driver info: org.openqa.selenium.chrome.ChromeDriver
Capabilities {acceptInsecureCerts: false, browserName: chrome, browserVersion: 108.0.5359.125, chrome: {chromedriverVersion: 108.0.5359.71 (1e0e3868ee06..., userDataDir: C:\Users\pkkumar\AppData\Lo...}, goog:chromeOptions: {debuggerAddress: localhost:52123}, networkConnectionEnabled: false, pageLoadStrategy: normal, platformName: WINDOWS, proxy: Proxy(), se:cdp: ws://localhost:52123/devtoo..., se:cdpVersion: 108.0.5359.125, setWindowRect: true, strictFileInteractability: false, timeouts: {implicit: 0, pageLoad: 300000, script: 30000}, unhandledPromptBehavior: dismiss and notify, webauthn:extension:credBlob: true, webauthn:extension:largeBlob: true, webauthn:virtualAuthenticators: true}
Session ID: 63de3e8ad0cb299e1c4509bdb2da466d]]>
            </message>
            <full-stacktrace>
              <![CDATA[org.openqa.selenium.TimeoutException: Expected condition failed: waiting for visibility of [[ChromeDriver: chrome on WINDOWS (63de3e8ad0cb299e1c4509bdb2da466d)] -> xpath: (//div[@class='card'])[2]/div] (tried for 5 second(s) with 500 milliseconds interval)
Build info: version: '4.5.3', revision: '4b786a1e430'
System info: os.name: 'Windows 11', os.arch: 'amd64', os.version: '10.0', java.version: '19'
Driver info: org.openqa.selenium.chrome.ChromeDriver
Capabilities {acceptInsecureCerts: false, browserName: chrome, browserVersion: 108.0.5359.125, chrome: {chromedriverVersion: 108.0.5359.71 (1e0e3868ee06..., userDataDir: C:\Users\pkkumar\AppData\Lo...}, goog:chromeOptions: {debuggerAddress: localhost:52123}, networkConnectionEnabled: false, pageLoadStrategy: normal, platformName: WINDOWS, proxy: Proxy(), se:cdp: ws://localhost:52123/devtoo..., se:cdpVersion: 108.0.5359.125, setWindowRect: true, strictFileInteractability: false, timeouts: {implicit: 0, pageLoad: 300000, script: 30000}, unhandledPromptBehavior: dismiss and notify, webauthn:extension:credBlob: true, webauthn:extension:largeBlob: true, webauthn:virtualAuthenticators: true}
Session ID: 63de3e8ad0cb299e1c4509bdb2da466d
at org.openqa.selenium.support.ui.WebDriverWait.timeoutException(WebDriverWait.java:87)
at org.openqa.selenium.support.ui.FluentWait.until(FluentWait.java:231)
at com.bpp.testCases.SearchProducts.searchAndSelectProdFromSuggesstion(SearchProducts.java:80)
at java.base/jdk.internal.reflect.DirectMethodHandleAccessor.invoke(DirectMethodHandleAccessor.java:104)
at java.base/java.lang.reflect.Method.invoke(Method.java:578)
at org.testng.internal.invokers.MethodInvocationHelper.invokeMethod(MethodInvocationHelper.java:139)
at org.testng.internal.invokers.TestInvoker.invokeMethod(TestInvoker.java:677)
at org.testng.internal.invokers.TestInvoker.invokeTestMethod(TestInvoker.java:221)
at org.testng.internal.invokers.MethodRunner.runInSequence(MethodRunner.java:50)
at org.testng.internal.invokers.TestInvoker$MethodInvocationAgent.invoke(TestInvoker.java:962)
at org.testng.internal.invokers.TestInvoker.invokeTestMethods(TestInvoker.java:194)
at org.testng.internal.invokers.TestMethodWorker.invokeTestMethods(TestMethodWorker.java:148)
at org.testng.internal.invokers.TestMethodWorker.run(TestMethodWorker.java:128)
at java.base/java.util.ArrayList.forEach(ArrayList.java:1511)
at org.testng.TestRunner.privateRun(TestRunner.java:806)
at org.testng.TestRunner.run(TestRunner.java:601)
at org.testng.SuiteRunner.runTest(SuiteRunner.java:433)
at org.testng.SuiteRunner.runSequentially(SuiteRunner.java:427)
at org.testng.SuiteRunner.privateRun(SuiteRunner.java:387)
at org.testng.SuiteRunner.run(SuiteRunner.java:330)
at org.testng.SuiteRunnerWorker.runSuite(SuiteRunnerWorker.java:52)
at org.testng.SuiteRunnerWorker.run(SuiteRunnerWorker.java:95)
at org.testng.TestNG.runSuitesSequentially(TestNG.java:1256)
at org.testng.TestNG.runSuitesLocally(TestNG.java:1176)
at org.testng.TestNG.runSuites(TestNG.java:1099)
at org.testng.TestNG.run(TestNG.java:1067)
at org.apache.maven.surefire.testng.TestNGExecutor.run(TestNGExecutor.java:283)
at org.apache.maven.surefire.testng.TestNGXmlTestSuite.execute(TestNGXmlTestSuite.java:75)
at org.apache.maven.surefire.testng.TestNGProvider.invoke(TestNGProvider.java:120)
at org.apache.maven.surefire.booter.ForkedBooter.invokeProviderInSameClassLoader(ForkedBooter.java:384)
at org.apache.maven.surefire.booter.ForkedBooter.runSuitesInProcess(ForkedBooter.java:345)
at org.apache.maven.surefire.booter.ForkedBooter.execute(ForkedBooter.java:126)
at org.apache.maven.surefire.booter.ForkedBooter.main(ForkedBooter.java:418)
]]>
            </full-stacktrace>
          </exception> <!-- org.openqa.selenium.TimeoutException -->
          <reporter-output>
          </reporter-output>
        </test-method> <!-- searchAndSelectProdFromSuggesstion -->
        <test-method is-config="true" signature="exit()[pri:0, instance:com.bpp.testCases.SearchProducts@67d48005]" started-at="2022-12-30T03:42:57 IST" name="exit" finished-at="2022-12-30T03:42:57 IST" duration-ms="299" status="PASS">
          <reporter-output>
          </reporter-output>
        </test-method> <!-- exit -->
      </class> <!-- com.bpp.testCases.SearchProducts -->
    </test> <!-- Search and Select from Suggestion -->
  </suite> <!-- Basic Functions Test -->
</testng-results>
